<?xml version="1.0" encoding="UTF-8"?>
<testng-results ignored="0" total="1" passed="1" failed="0" skipped="0">
  <reporter-output>
  </reporter-output>
  <suite started-at="2025-04-08T11:33:21 IST" name="Default suite" finished-at="2025-04-08T11:33:59 IST" duration-ms="37970">
    <groups>
    </groups>
    <test started-at="2025-04-08T11:33:21 IST" name="Default test" finished-at="2025-04-08T11:33:59 IST" duration-ms="37970">
      <class name="Mobile.BasicGestures.LongPress">
        <test-method is-config="true" signature="ConfigureAppium()[pri:0, instance:Mobile.BasicGestures.LongPress@4f83df68]" started-at="2025-04-08T11:33:21 IST" name="ConfigureAppium" finished-at="2025-04-08T11:33:39 IST" duration-ms="17453" status="PASS">
          <reporter-output>
          </reporter-output>
        </test-method> <!-- ConfigureAppium -->
        <test-method signature="LongPressGesture()[pri:0, instance:Mobile.BasicGestures.LongPress@4f83df68]" started-at="2025-04-08T11:33:39 IST" name="LongPressGesture" finished-at="2025-04-08T11:33:58 IST" duration-ms="19365" status="PASS">
          <reporter-output>
          </reporter-output>
        </test-method> <!-- LongPressGesture -->
        <test-method is-config="true" signature="tearDown()[pri:0, instance:Mobile.BasicGestures.LongPress@4f83df68]" started-at="2025-04-08T11:33:58 IST" name="tearDown" finished-at="2025-04-08T11:33:59 IST" duration-ms="1052" status="PASS">
          <reporter-output>
          </reporter-output>
        </test-method> <!-- tearDown -->
      </class> <!-- Mobile.BasicGestures.LongPress -->
    </test> <!-- Default test -->
  </suite> <!-- Default suite -->
</testng-results>
